<?xml version="1.0" encoding="UTF-8"?>
<!-- Generated by org.testng.reporters.JUnitXMLReporter -->
<testsuite ignored="0" hostname="LAPTOP-G8IRSE0F" failures="0" tests="1" name="Test" time="0.035" errors="0" timestamp="2021-07-20T11:54:23 IST">
  <testcase classname="Pages.BaseClass" name="@BeforeClass SetUp" time="-1.626762263028E9">
    <failure type="org.testng.TestNGException" message="
Parameter &amp;apos;browser&amp;apos; is required by BeforeClass on method SetUp but has not been marked @Optional or defined
in C:\Users\SURESH\git\Test\Twingo\XMLFiles\testng.xml">
      <![CDATA[org.testng.TestNGException: 
Parameter 'browser' is required by BeforeClass on method SetUp but has not been marked @Optional or defined
in C:\Users\SURESH\git\Test\Twingo\XMLFiles\testng.xml
at java.base/java.util.ArrayList.forEach(ArrayList.java:1380)
... Removed 26 stack frames]]>
    </failure>
  </testcase> <!-- @BeforeClass SetUp -->
  <testcase classname="Pages.BaseClass" name="@AfterMethod teardownmethod" time="-1.62676226305E9">
    <skipped/>
  </testcase> <!-- @AfterMethod teardownmethod -->
  <testcase classname="Pages.BaseClass" name="@AfterClass teardown" time="-1.626762263051E9">
    <skipped/>
  </testcase> <!-- @AfterClass teardown -->
  <testcase classname="TestCases.WandLogin" name="StartApp" time="0.0">
    <skipped/>
  </testcase> <!-- StartApp -->
</testsuite> <!-- Test -->
